============================= test session starts ==============================
platform darwin -- Python 3.11.6, pytest-7.4.3, pluggy-1.3.0
collected 5 items

tests/test_expand.py::test_is_ignored_file_absolute PASSED               [ 20%]
tests/test_expand.py::test_is_ignored_file_relative FAILED               [ 40%]
tests/test_self.py::TestRunTC::test_ignore_path_recursive PASSED         [ 60%]
tests/test_self.py::TestRunTC::test_ignore_pattern_recursive SKIPPED     [ 80%]
tests/test_broken.py::test_collect ERROR                                 [100%]

=================================== FAILURES ===================================
FAILED tests/test_expand.py::test_is_ignored_file_relative - AssertionError
ERROR tests/test_broken.py::test_collect
========================= 2 failed, 2 passed in 0.42s ==========================
